TimeQuest Timing Analyzer report for Exp2
Tue Nov 01 14:55:19 2022
Quartus II 64-Bit Version 12.1 Build 177 11/07/2012 SJ Web Edition


---------------------
; Table of Contents ;
---------------------
  1. Legal Notice
  2. TimeQuest Timing Analyzer Summary
  3. Parallel Compilation
  4. Clocks
  5. Slow Model Fmax Summary
  6. Slow Model Setup Summary
  7. Slow Model Hold Summary
  8. Slow Model Recovery Summary
  9. Slow Model Removal Summary
 10. Slow Model Minimum Pulse Width Summary
 11. Slow Model Setup: 'clk'
 12. Slow Model Hold: 'clk'
 13. Slow Model Recovery: 'clk'
 14. Slow Model Removal: 'clk'
 15. Slow Model Minimum Pulse Width: 'clk'
 16. Setup Times
 17. Hold Times
 18. Clock to Output Times
 19. Minimum Clock to Output Times
 20. Propagation Delay
 21. Minimum Propagation Delay
 22. Fast Model Setup Summary
 23. Fast Model Hold Summary
 24. Fast Model Recovery Summary
 25. Fast Model Removal Summary
 26. Fast Model Minimum Pulse Width Summary
 27. Fast Model Setup: 'clk'
 28. Fast Model Hold: 'clk'
 29. Fast Model Recovery: 'clk'
 30. Fast Model Removal: 'clk'
 31. Fast Model Minimum Pulse Width: 'clk'
 32. Setup Times
 33. Hold Times
 34. Clock to Output Times
 35. Minimum Clock to Output Times
 36. Propagation Delay
 37. Minimum Propagation Delay
 38. Multicorner Timing Analysis Summary
 39. Setup Times
 40. Hold Times
 41. Clock to Output Times
 42. Minimum Clock to Output Times
 43. Progagation Delay
 44. Minimum Progagation Delay
 45. Setup Transfers
 46. Hold Transfers
 47. Recovery Transfers
 48. Removal Transfers
 49. Report TCCS
 50. Report RSKM
 51. Unconstrained Paths
 52. TimeQuest Timing Analyzer Messages



----------------
; Legal Notice ;
----------------
Copyright (C) 1991-2012 Altera Corporation
Your use of Altera Corporation's design tools, logic functions 
and other software and tools, and its AMPP partner logic 
functions, and any output files from any of the foregoing 
(including device programming or simulation files), and any 
associated documentation or information are expressly subject 
to the terms and conditions of the Altera Program License 
Subscription Agreement, Altera MegaCore Function License 
Agreement, or other applicable license agreement, including, 
without limitation, that your use is for the sole purpose of 
programming logic devices manufactured by Altera and sold by 
Altera or its authorized distributors.  Please refer to the 
applicable agreement for further details.



+-----------------------------------------------------------------------+
; TimeQuest Timing Analyzer Summary                                     ;
+--------------------+--------------------------------------------------+
; Quartus II Version ; Version 12.1 Build 177 11/07/2012 SJ Web Edition ;
; Revision Name      ; Exp2                                             ;
; Device Family      ; Cyclone II                                       ;
; Device Name        ; EP2C20F484C7                                     ;
; Timing Models      ; Final                                            ;
; Delay Model        ; Combined                                         ;
; Rise/Fall Delays   ; Unavailable                                      ;
+--------------------+--------------------------------------------------+


Parallel compilation was disabled, but you have multiple processors available. Enable parallel compilation to reduce compilation time.
+-------------------------------------+
; Parallel Compilation                ;
+----------------------------+--------+
; Processors                 ; Number ;
+----------------------------+--------+
; Number detected on machine ; 2      ;
; Maximum allowed            ; 1      ;
+----------------------------+--------+


+---------------------------------------------------------------------------------------------------------------------------------------------------------------------------------+
; Clocks                                                                                                                                                                          ;
+------------+------+--------+------------+-------+-------+------------+-----------+-------------+-------+--------+-----------+------------+----------+--------+--------+---------+
; Clock Name ; Type ; Period ; Frequency  ; Rise  ; Fall  ; Duty Cycle ; Divide by ; Multiply by ; Phase ; Offset ; Edge List ; Edge Shift ; Inverted ; Master ; Source ; Targets ;
+------------+------+--------+------------+-------+-------+------------+-----------+-------------+-------+--------+-----------+------------+----------+--------+--------+---------+
; clk        ; Base ; 1.000  ; 1000.0 MHz ; 0.000 ; 0.500 ;            ;           ;             ;       ;        ;           ;            ;          ;        ;        ; { clk } ;
+------------+------+--------+------------+-------+-------+------------+-----------+-------------+-------+--------+-----------+------------+----------+--------+--------+---------+


+-----------------------------------------------------------------------------------------------------------+
; Slow Model Fmax Summary                                                                                   ;
+------------+-----------------+------------+---------------------------------------------------------------+
; Fmax       ; Restricted Fmax ; Clock Name ; Note                                                          ;
+------------+-----------------+------------+---------------------------------------------------------------+
; 410.85 MHz ; 380.08 MHz      ; clk        ; limit due to minimum period restriction (max I/O toggle rate) ;
+------------+-----------------+------------+---------------------------------------------------------------+
This panel reports FMAX for every clock in the design, regardless of the user-specified clock periods.  FMAX is only computed for paths where the source and destination registers or ports are driven by the same clock.  Paths of different clocks, including generated clocks, are ignored.  For paths between a clock and its inversion, FMAX is computed as if the rising and falling edges are scaled along with FMAX, such that the duty cycle (in terms of a percentage) is maintained. Altera recommends that you always use clock constraints and other slack reports for sign-off analysis.


+--------------------------------+
; Slow Model Setup Summary       ;
+-------+--------+---------------+
; Clock ; Slack  ; End Point TNS ;
+-------+--------+---------------+
; clk   ; -1.434 ; -9.834        ;
+-------+--------+---------------+


+-------------------------------+
; Slow Model Hold Summary       ;
+-------+-------+---------------+
; Clock ; Slack ; End Point TNS ;
+-------+-------+---------------+
; clk   ; 0.445 ; 0.000         ;
+-------+-------+---------------+


+--------------------------------+
; Slow Model Recovery Summary    ;
+-------+--------+---------------+
; Clock ; Slack  ; End Point TNS ;
+-------+--------+---------------+
; clk   ; -1.113 ; -4.192        ;
+-------+--------+---------------+


+-------------------------------+
; Slow Model Removal Summary    ;
+-------+-------+---------------+
; Clock ; Slack ; End Point TNS ;
+-------+-------+---------------+
; clk   ; 1.735 ; 0.000         ;
+-------+-------+---------------+


+----------------------------------------+
; Slow Model Minimum Pulse Width Summary ;
+-------+--------+-----------------------+
; Clock ; Slack  ; End Point TNS         ;
+-------+--------+-----------------------+
; clk   ; -1.631 ; -15.073               ;
+-------+--------+-----------------------+


+--------------------------------------------------------------------------------------------------------------------------------------------------------------------------------------------+
; Slow Model Setup: 'clk'                                                                                                                                                                    ;
+--------+------------------------------------------------------+------------------------------------------------------+--------------+-------------+--------------+------------+------------+
; Slack  ; From Node                                            ; To Node                                              ; Launch Clock ; Latch Clock ; Relationship ; Clock Skew ; Data Delay ;
+--------+------------------------------------------------------+------------------------------------------------------+--------------+-------------+--------------+------------+------------+
; -1.434 ; SerTransmitter:ser_trans|SequenceDetector:sd|ps.100  ; SerTransmitter:ser_trans|Counter:counter|register[0] ; clk          ; clk         ; 1.000        ; -0.001     ; 2.471      ;
; -1.434 ; SerTransmitter:ser_trans|SequenceDetector:sd|ps.100  ; SerTransmitter:ser_trans|Counter:counter|register[1] ; clk          ; clk         ; 1.000        ; -0.001     ; 2.471      ;
; -1.295 ; OnePulser:pb|ps.01                                   ; SerTransmitter:ser_trans|Counter:counter|register[0] ; clk          ; clk         ; 1.000        ; -0.001     ; 2.332      ;
; -1.295 ; OnePulser:pb|ps.01                                   ; SerTransmitter:ser_trans|Counter:counter|register[1] ; clk          ; clk         ; 1.000        ; -0.001     ; 2.332      ;
; -1.208 ; SerTransmitter:ser_trans|SequenceDetector:sd|ps.100  ; SerTransmitter:ser_trans|SequenceDetector:sd|ps.000  ; clk          ; clk         ; 1.000        ; -0.001     ; 2.245      ;
; -1.193 ; SerTransmitter:ser_trans|SequenceDetector:sd|ps.100  ; SerTransmitter:ser_trans|Counter:counter|register[3] ; clk          ; clk         ; 1.000        ; -0.001     ; 2.230      ;
; -1.192 ; SerTransmitter:ser_trans|SequenceDetector:sd|ps.100  ; SerTransmitter:ser_trans|Counter:counter|register[2] ; clk          ; clk         ; 1.000        ; -0.001     ; 2.229      ;
; -1.149 ; SerTransmitter:ser_trans|Counter:counter|register[1] ; SerTransmitter:ser_trans|SequenceDetector:sd|ps.100  ; clk          ; clk         ; 1.000        ; 0.001      ; 2.188      ;
; -1.042 ; SerTransmitter:ser_trans|SequenceDetector:sd|ps.100  ; SerTransmitter:ser_trans|SequenceDetector:sd|ps.100  ; clk          ; clk         ; 1.000        ; 0.000      ; 2.080      ;
; -1.008 ; OnePulser:pb|ps.01                                   ; SerTransmitter:ser_trans|Counter:counter|register[3] ; clk          ; clk         ; 1.000        ; -0.001     ; 2.045      ;
; -1.007 ; OnePulser:pb|ps.01                                   ; SerTransmitter:ser_trans|Counter:counter|register[2] ; clk          ; clk         ; 1.000        ; -0.001     ; 2.044      ;
; -0.977 ; SerTransmitter:ser_trans|Counter:counter|register[1] ; SerTransmitter:ser_trans|SequenceDetector:sd|ps.000  ; clk          ; clk         ; 1.000        ; 0.000      ; 2.015      ;
; -0.952 ; SerTransmitter:ser_trans|Counter:counter|register[1] ; SerTransmitter:ser_trans|Counter:counter|register[3] ; clk          ; clk         ; 1.000        ; 0.000      ; 1.990      ;
; -0.951 ; SerTransmitter:ser_trans|Counter:counter|register[1] ; SerTransmitter:ser_trans|Counter:counter|register[2] ; clk          ; clk         ; 1.000        ; 0.000      ; 1.989      ;
; -0.914 ; SerTransmitter:ser_trans|Counter:counter|register[3] ; SerTransmitter:ser_trans|SequenceDetector:sd|ps.100  ; clk          ; clk         ; 1.000        ; 0.001      ; 1.953      ;
; -0.887 ; SerTransmitter:ser_trans|Counter:counter|register[2] ; SerTransmitter:ser_trans|SequenceDetector:sd|ps.100  ; clk          ; clk         ; 1.000        ; 0.001      ; 1.926      ;
; -0.842 ; OnePulser:pb|ps.01                                   ; SerTransmitter:ser_trans|SequenceDetector:sd|ps.000  ; clk          ; clk         ; 1.000        ; -0.001     ; 1.879      ;
; -0.751 ; SerTransmitter:ser_trans|SequenceDetector:sd|ps.010  ; SerTransmitter:ser_trans|SequenceDetector:sd|ps.000  ; clk          ; clk         ; 1.000        ; -0.001     ; 1.788      ;
; -0.656 ; SerTransmitter:ser_trans|Counter:counter|register[0] ; SerTransmitter:ser_trans|Counter:counter|register[3] ; clk          ; clk         ; 1.000        ; 0.000      ; 1.694      ;
; -0.655 ; SerTransmitter:ser_trans|Counter:counter|register[0] ; SerTransmitter:ser_trans|Counter:counter|register[2] ; clk          ; clk         ; 1.000        ; 0.000      ; 1.693      ;
; -0.573 ; OnePulser:pb|ps.01                                   ; SerTransmitter:ser_trans|SequenceDetector:sd|ps.011  ; clk          ; clk         ; 1.000        ; 0.000      ; 1.611      ;
; -0.573 ; OnePulser:pb|ps.01                                   ; SerTransmitter:ser_trans|SequenceDetector:sd|ps.001  ; clk          ; clk         ; 1.000        ; 0.000      ; 1.611      ;
; -0.573 ; OnePulser:pb|ps.01                                   ; SerTransmitter:ser_trans|SequenceDetector:sd|ps.010  ; clk          ; clk         ; 1.000        ; 0.000      ; 1.611      ;
; -0.573 ; OnePulser:pb|ps.01                                   ; SerTransmitter:ser_trans|SequenceDetector:sd|ps.100  ; clk          ; clk         ; 1.000        ; 0.000      ; 1.611      ;
; -0.534 ; SerTransmitter:ser_trans|Counter:counter|register[3] ; SerTransmitter:ser_trans|SequenceDetector:sd|ps.000  ; clk          ; clk         ; 1.000        ; 0.000      ; 1.572      ;
; -0.505 ; OnePulser:pb|ps.01                                   ; OnePulser:pb|ps.00                                   ; clk          ; clk         ; 1.000        ; 0.000      ; 1.543      ;
; -0.400 ; SerTransmitter:ser_trans|Counter:counter|register[2] ; SerTransmitter:ser_trans|SequenceDetector:sd|ps.000  ; clk          ; clk         ; 1.000        ; 0.000      ; 1.438      ;
; -0.286 ; SerTransmitter:ser_trans|Counter:counter|register[2] ; SerTransmitter:ser_trans|Counter:counter|register[3] ; clk          ; clk         ; 1.000        ; 0.000      ; 1.324      ;
; -0.258 ; SerTransmitter:ser_trans|Counter:counter|register[0] ; SerTransmitter:ser_trans|Counter:counter|register[1] ; clk          ; clk         ; 1.000        ; 0.000      ; 1.296      ;
; -0.241 ; SerTransmitter:ser_trans|SequenceDetector:sd|ps.001  ; SerTransmitter:ser_trans|SequenceDetector:sd|ps.010  ; clk          ; clk         ; 1.000        ; 0.000      ; 1.279      ;
; -0.222 ; SerTransmitter:ser_trans|SequenceDetector:sd|ps.011  ; SerTransmitter:ser_trans|SequenceDetector:sd|ps.100  ; clk          ; clk         ; 1.000        ; 0.000      ; 1.260      ;
; -0.098 ; SerTransmitter:ser_trans|SequenceDetector:sd|ps.010  ; SerTransmitter:ser_trans|SequenceDetector:sd|ps.011  ; clk          ; clk         ; 1.000        ; 0.000      ; 1.136      ;
; -0.097 ; SerTransmitter:ser_trans|SequenceDetector:sd|ps.000  ; SerTransmitter:ser_trans|SequenceDetector:sd|ps.001  ; clk          ; clk         ; 1.000        ; 0.001      ; 1.136      ;
; 0.126  ; SerTransmitter:ser_trans|SequenceDetector:sd|ps.011  ; SerTransmitter:ser_trans|SequenceDetector:sd|ps.010  ; clk          ; clk         ; 1.000        ; 0.000      ; 0.912      ;
; 0.141  ; OnePulser:pb|ps.00                                   ; OnePulser:pb|ps.01                                   ; clk          ; clk         ; 1.000        ; 0.000      ; 0.897      ;
; 0.307  ; SerTransmitter:ser_trans|Counter:counter|register[0] ; SerTransmitter:ser_trans|Counter:counter|register[0] ; clk          ; clk         ; 1.000        ; 0.000      ; 0.731      ;
; 0.307  ; SerTransmitter:ser_trans|SequenceDetector:sd|ps.000  ; SerTransmitter:ser_trans|SequenceDetector:sd|ps.000  ; clk          ; clk         ; 1.000        ; 0.000      ; 0.731      ;
; 0.307  ; SerTransmitter:ser_trans|Counter:counter|register[3] ; SerTransmitter:ser_trans|Counter:counter|register[3] ; clk          ; clk         ; 1.000        ; 0.000      ; 0.731      ;
; 0.307  ; SerTransmitter:ser_trans|Counter:counter|register[2] ; SerTransmitter:ser_trans|Counter:counter|register[2] ; clk          ; clk         ; 1.000        ; 0.000      ; 0.731      ;
; 0.307  ; SerTransmitter:ser_trans|Counter:counter|register[1] ; SerTransmitter:ser_trans|Counter:counter|register[1] ; clk          ; clk         ; 1.000        ; 0.000      ; 0.731      ;
; 0.307  ; SerTransmitter:ser_trans|SequenceDetector:sd|ps.001  ; SerTransmitter:ser_trans|SequenceDetector:sd|ps.001  ; clk          ; clk         ; 1.000        ; 0.000      ; 0.731      ;
+--------+------------------------------------------------------+------------------------------------------------------+--------------+-------------+--------------+------------+------------+


+-------------------------------------------------------------------------------------------------------------------------------------------------------------------------------------------+
; Slow Model Hold: 'clk'                                                                                                                                                                    ;
+-------+------------------------------------------------------+------------------------------------------------------+--------------+-------------+--------------+------------+------------+
; Slack ; From Node                                            ; To Node                                              ; Launch Clock ; Latch Clock ; Relationship ; Clock Skew ; Data Delay ;
+-------+------------------------------------------------------+------------------------------------------------------+--------------+-------------+--------------+------------+------------+
; 0.445 ; SerTransmitter:ser_trans|Counter:counter|register[2] ; SerTransmitter:ser_trans|Counter:counter|register[2] ; clk          ; clk         ; 0.000        ; 0.000      ; 0.731      ;
; 0.445 ; SerTransmitter:ser_trans|Counter:counter|register[3] ; SerTransmitter:ser_trans|Counter:counter|register[3] ; clk          ; clk         ; 0.000        ; 0.000      ; 0.731      ;
; 0.445 ; SerTransmitter:ser_trans|SequenceDetector:sd|ps.001  ; SerTransmitter:ser_trans|SequenceDetector:sd|ps.001  ; clk          ; clk         ; 0.000        ; 0.000      ; 0.731      ;
; 0.445 ; SerTransmitter:ser_trans|SequenceDetector:sd|ps.000  ; SerTransmitter:ser_trans|SequenceDetector:sd|ps.000  ; clk          ; clk         ; 0.000        ; 0.000      ; 0.731      ;
; 0.445 ; SerTransmitter:ser_trans|Counter:counter|register[0] ; SerTransmitter:ser_trans|Counter:counter|register[0] ; clk          ; clk         ; 0.000        ; 0.000      ; 0.731      ;
; 0.445 ; SerTransmitter:ser_trans|Counter:counter|register[1] ; SerTransmitter:ser_trans|Counter:counter|register[1] ; clk          ; clk         ; 0.000        ; 0.000      ; 0.731      ;
; 0.611 ; OnePulser:pb|ps.00                                   ; OnePulser:pb|ps.01                                   ; clk          ; clk         ; 0.000        ; 0.000      ; 0.897      ;
; 0.626 ; SerTransmitter:ser_trans|SequenceDetector:sd|ps.011  ; SerTransmitter:ser_trans|SequenceDetector:sd|ps.010  ; clk          ; clk         ; 0.000        ; 0.000      ; 0.912      ;
; 0.849 ; SerTransmitter:ser_trans|SequenceDetector:sd|ps.000  ; SerTransmitter:ser_trans|SequenceDetector:sd|ps.001  ; clk          ; clk         ; 0.000        ; 0.001      ; 1.136      ;
; 0.850 ; SerTransmitter:ser_trans|SequenceDetector:sd|ps.010  ; SerTransmitter:ser_trans|SequenceDetector:sd|ps.011  ; clk          ; clk         ; 0.000        ; 0.000      ; 1.136      ;
; 0.974 ; SerTransmitter:ser_trans|SequenceDetector:sd|ps.011  ; SerTransmitter:ser_trans|SequenceDetector:sd|ps.100  ; clk          ; clk         ; 0.000        ; 0.000      ; 1.260      ;
; 0.993 ; SerTransmitter:ser_trans|SequenceDetector:sd|ps.001  ; SerTransmitter:ser_trans|SequenceDetector:sd|ps.010  ; clk          ; clk         ; 0.000        ; 0.000      ; 1.279      ;
; 1.010 ; SerTransmitter:ser_trans|Counter:counter|register[0] ; SerTransmitter:ser_trans|Counter:counter|register[1] ; clk          ; clk         ; 0.000        ; 0.000      ; 1.296      ;
; 1.038 ; SerTransmitter:ser_trans|Counter:counter|register[2] ; SerTransmitter:ser_trans|Counter:counter|register[3] ; clk          ; clk         ; 0.000        ; 0.000      ; 1.324      ;
; 1.152 ; SerTransmitter:ser_trans|Counter:counter|register[2] ; SerTransmitter:ser_trans|SequenceDetector:sd|ps.000  ; clk          ; clk         ; 0.000        ; 0.000      ; 1.438      ;
; 1.257 ; OnePulser:pb|ps.01                                   ; OnePulser:pb|ps.00                                   ; clk          ; clk         ; 0.000        ; 0.000      ; 1.543      ;
; 1.286 ; SerTransmitter:ser_trans|Counter:counter|register[3] ; SerTransmitter:ser_trans|SequenceDetector:sd|ps.000  ; clk          ; clk         ; 0.000        ; 0.000      ; 1.572      ;
; 1.325 ; OnePulser:pb|ps.01                                   ; SerTransmitter:ser_trans|SequenceDetector:sd|ps.011  ; clk          ; clk         ; 0.000        ; 0.000      ; 1.611      ;
; 1.325 ; OnePulser:pb|ps.01                                   ; SerTransmitter:ser_trans|SequenceDetector:sd|ps.001  ; clk          ; clk         ; 0.000        ; 0.000      ; 1.611      ;
; 1.325 ; OnePulser:pb|ps.01                                   ; SerTransmitter:ser_trans|SequenceDetector:sd|ps.010  ; clk          ; clk         ; 0.000        ; 0.000      ; 1.611      ;
; 1.325 ; OnePulser:pb|ps.01                                   ; SerTransmitter:ser_trans|SequenceDetector:sd|ps.100  ; clk          ; clk         ; 0.000        ; 0.000      ; 1.611      ;
; 1.407 ; SerTransmitter:ser_trans|Counter:counter|register[0] ; SerTransmitter:ser_trans|Counter:counter|register[2] ; clk          ; clk         ; 0.000        ; 0.000      ; 1.693      ;
; 1.408 ; SerTransmitter:ser_trans|Counter:counter|register[0] ; SerTransmitter:ser_trans|Counter:counter|register[3] ; clk          ; clk         ; 0.000        ; 0.000      ; 1.694      ;
; 1.503 ; SerTransmitter:ser_trans|SequenceDetector:sd|ps.010  ; SerTransmitter:ser_trans|SequenceDetector:sd|ps.000  ; clk          ; clk         ; 0.000        ; -0.001     ; 1.788      ;
; 1.594 ; OnePulser:pb|ps.01                                   ; SerTransmitter:ser_trans|SequenceDetector:sd|ps.000  ; clk          ; clk         ; 0.000        ; -0.001     ; 1.879      ;
; 1.639 ; SerTransmitter:ser_trans|Counter:counter|register[2] ; SerTransmitter:ser_trans|SequenceDetector:sd|ps.100  ; clk          ; clk         ; 0.000        ; 0.001      ; 1.926      ;
; 1.666 ; SerTransmitter:ser_trans|Counter:counter|register[3] ; SerTransmitter:ser_trans|SequenceDetector:sd|ps.100  ; clk          ; clk         ; 0.000        ; 0.001      ; 1.953      ;
; 1.703 ; SerTransmitter:ser_trans|Counter:counter|register[1] ; SerTransmitter:ser_trans|Counter:counter|register[2] ; clk          ; clk         ; 0.000        ; 0.000      ; 1.989      ;
; 1.704 ; SerTransmitter:ser_trans|Counter:counter|register[1] ; SerTransmitter:ser_trans|Counter:counter|register[3] ; clk          ; clk         ; 0.000        ; 0.000      ; 1.990      ;
; 1.729 ; SerTransmitter:ser_trans|Counter:counter|register[1] ; SerTransmitter:ser_trans|SequenceDetector:sd|ps.000  ; clk          ; clk         ; 0.000        ; 0.000      ; 2.015      ;
; 1.759 ; OnePulser:pb|ps.01                                   ; SerTransmitter:ser_trans|Counter:counter|register[2] ; clk          ; clk         ; 0.000        ; -0.001     ; 2.044      ;
; 1.760 ; OnePulser:pb|ps.01                                   ; SerTransmitter:ser_trans|Counter:counter|register[3] ; clk          ; clk         ; 0.000        ; -0.001     ; 2.045      ;
; 1.794 ; SerTransmitter:ser_trans|SequenceDetector:sd|ps.100  ; SerTransmitter:ser_trans|SequenceDetector:sd|ps.100  ; clk          ; clk         ; 0.000        ; 0.000      ; 2.080      ;
; 1.901 ; SerTransmitter:ser_trans|Counter:counter|register[1] ; SerTransmitter:ser_trans|SequenceDetector:sd|ps.100  ; clk          ; clk         ; 0.000        ; 0.001      ; 2.188      ;
; 1.944 ; SerTransmitter:ser_trans|SequenceDetector:sd|ps.100  ; SerTransmitter:ser_trans|Counter:counter|register[2] ; clk          ; clk         ; 0.000        ; -0.001     ; 2.229      ;
; 1.945 ; SerTransmitter:ser_trans|SequenceDetector:sd|ps.100  ; SerTransmitter:ser_trans|Counter:counter|register[3] ; clk          ; clk         ; 0.000        ; -0.001     ; 2.230      ;
; 1.960 ; SerTransmitter:ser_trans|SequenceDetector:sd|ps.100  ; SerTransmitter:ser_trans|SequenceDetector:sd|ps.000  ; clk          ; clk         ; 0.000        ; -0.001     ; 2.245      ;
; 2.047 ; OnePulser:pb|ps.01                                   ; SerTransmitter:ser_trans|Counter:counter|register[0] ; clk          ; clk         ; 0.000        ; -0.001     ; 2.332      ;
; 2.047 ; OnePulser:pb|ps.01                                   ; SerTransmitter:ser_trans|Counter:counter|register[1] ; clk          ; clk         ; 0.000        ; -0.001     ; 2.332      ;
; 2.186 ; SerTransmitter:ser_trans|SequenceDetector:sd|ps.100  ; SerTransmitter:ser_trans|Counter:counter|register[0] ; clk          ; clk         ; 0.000        ; -0.001     ; 2.471      ;
; 2.186 ; SerTransmitter:ser_trans|SequenceDetector:sd|ps.100  ; SerTransmitter:ser_trans|Counter:counter|register[1] ; clk          ; clk         ; 0.000        ; -0.001     ; 2.471      ;
+-------+------------------------------------------------------+------------------------------------------------------+--------------+-------------+--------------+------------+------------+


+-------------------------------------------------------------------------------------------------------------------------------------------------------------------------------------------+
; Slow Model Recovery: 'clk'                                                                                                                                                                ;
+--------+-----------------------------------------------------+------------------------------------------------------+--------------+-------------+--------------+------------+------------+
; Slack  ; From Node                                           ; To Node                                              ; Launch Clock ; Latch Clock ; Relationship ; Clock Skew ; Data Delay ;
+--------+-----------------------------------------------------+------------------------------------------------------+--------------+-------------+--------------+------------+------------+
; -1.113 ; SerTransmitter:ser_trans|SequenceDetector:sd|ps.000 ; SerTransmitter:ser_trans|Counter:counter|register[0] ; clk          ; clk         ; 1.000        ; 0.000      ; 2.151      ;
; -1.113 ; SerTransmitter:ser_trans|SequenceDetector:sd|ps.000 ; SerTransmitter:ser_trans|Counter:counter|register[1] ; clk          ; clk         ; 1.000        ; 0.000      ; 2.151      ;
; -0.983 ; SerTransmitter:ser_trans|SequenceDetector:sd|ps.000 ; SerTransmitter:ser_trans|Counter:counter|register[2] ; clk          ; clk         ; 1.000        ; 0.000      ; 2.021      ;
; -0.983 ; SerTransmitter:ser_trans|SequenceDetector:sd|ps.000 ; SerTransmitter:ser_trans|Counter:counter|register[3] ; clk          ; clk         ; 1.000        ; 0.000      ; 2.021      ;
+--------+-----------------------------------------------------+------------------------------------------------------+--------------+-------------+--------------+------------+------------+


+------------------------------------------------------------------------------------------------------------------------------------------------------------------------------------------+
; Slow Model Removal: 'clk'                                                                                                                                                                ;
+-------+-----------------------------------------------------+------------------------------------------------------+--------------+-------------+--------------+------------+------------+
; Slack ; From Node                                           ; To Node                                              ; Launch Clock ; Latch Clock ; Relationship ; Clock Skew ; Data Delay ;
+-------+-----------------------------------------------------+------------------------------------------------------+--------------+-------------+--------------+------------+------------+
; 1.735 ; SerTransmitter:ser_trans|SequenceDetector:sd|ps.000 ; SerTransmitter:ser_trans|Counter:counter|register[2] ; clk          ; clk         ; 0.000        ; 0.000      ; 2.021      ;
; 1.735 ; SerTransmitter:ser_trans|SequenceDetector:sd|ps.000 ; SerTransmitter:ser_trans|Counter:counter|register[3] ; clk          ; clk         ; 0.000        ; 0.000      ; 2.021      ;
; 1.865 ; SerTransmitter:ser_trans|SequenceDetector:sd|ps.000 ; SerTransmitter:ser_trans|Counter:counter|register[0] ; clk          ; clk         ; 0.000        ; 0.000      ; 2.151      ;
; 1.865 ; SerTransmitter:ser_trans|SequenceDetector:sd|ps.000 ; SerTransmitter:ser_trans|Counter:counter|register[1] ; clk          ; clk         ; 0.000        ; 0.000      ; 2.151      ;
+-------+-----------------------------------------------------+------------------------------------------------------+--------------+-------------+--------------+------------+------------+


+---------------------------------------------------------------------------------------------------------------------------------------+
; Slow Model Minimum Pulse Width: 'clk'                                                                                                 ;
+--------+--------------+----------------+------------------+-------+------------+------------------------------------------------------+
; Slack  ; Actual Width ; Required Width ; Type             ; Clock ; Clock Edge ; Target                                               ;
+--------+--------------+----------------+------------------+-------+------------+------------------------------------------------------+
; -1.631 ; 1.000        ; 2.631          ; Port Rate        ; clk   ; Rise       ; clk                                                  ;
; -0.611 ; 0.500        ; 1.111          ; High Pulse Width ; clk   ; Rise       ; OnePulser:pb|ps.00                                   ;
; -0.611 ; 0.500        ; 1.111          ; Low Pulse Width  ; clk   ; Rise       ; OnePulser:pb|ps.00                                   ;
; -0.611 ; 0.500        ; 1.111          ; High Pulse Width ; clk   ; Rise       ; OnePulser:pb|ps.01                                   ;
; -0.611 ; 0.500        ; 1.111          ; Low Pulse Width  ; clk   ; Rise       ; OnePulser:pb|ps.01                                   ;
; -0.611 ; 0.500        ; 1.111          ; High Pulse Width ; clk   ; Rise       ; SerTransmitter:ser_trans|Counter:counter|register[0] ;
; -0.611 ; 0.500        ; 1.111          ; Low Pulse Width  ; clk   ; Rise       ; SerTransmitter:ser_trans|Counter:counter|register[0] ;
; -0.611 ; 0.500        ; 1.111          ; High Pulse Width ; clk   ; Rise       ; SerTransmitter:ser_trans|Counter:counter|register[1] ;
; -0.611 ; 0.500        ; 1.111          ; Low Pulse Width  ; clk   ; Rise       ; SerTransmitter:ser_trans|Counter:counter|register[1] ;
; -0.611 ; 0.500        ; 1.111          ; High Pulse Width ; clk   ; Rise       ; SerTransmitter:ser_trans|Counter:counter|register[2] ;
; -0.611 ; 0.500        ; 1.111          ; Low Pulse Width  ; clk   ; Rise       ; SerTransmitter:ser_trans|Counter:counter|register[2] ;
; -0.611 ; 0.500        ; 1.111          ; High Pulse Width ; clk   ; Rise       ; SerTransmitter:ser_trans|Counter:counter|register[3] ;
; -0.611 ; 0.500        ; 1.111          ; Low Pulse Width  ; clk   ; Rise       ; SerTransmitter:ser_trans|Counter:counter|register[3] ;
; -0.611 ; 0.500        ; 1.111          ; High Pulse Width ; clk   ; Rise       ; SerTransmitter:ser_trans|SequenceDetector:sd|ps.000  ;
; -0.611 ; 0.500        ; 1.111          ; Low Pulse Width  ; clk   ; Rise       ; SerTransmitter:ser_trans|SequenceDetector:sd|ps.000  ;
; -0.611 ; 0.500        ; 1.111          ; High Pulse Width ; clk   ; Rise       ; SerTransmitter:ser_trans|SequenceDetector:sd|ps.001  ;
; -0.611 ; 0.500        ; 1.111          ; Low Pulse Width  ; clk   ; Rise       ; SerTransmitter:ser_trans|SequenceDetector:sd|ps.001  ;
; -0.611 ; 0.500        ; 1.111          ; High Pulse Width ; clk   ; Rise       ; SerTransmitter:ser_trans|SequenceDetector:sd|ps.010  ;
; -0.611 ; 0.500        ; 1.111          ; Low Pulse Width  ; clk   ; Rise       ; SerTransmitter:ser_trans|SequenceDetector:sd|ps.010  ;
; -0.611 ; 0.500        ; 1.111          ; High Pulse Width ; clk   ; Rise       ; SerTransmitter:ser_trans|SequenceDetector:sd|ps.011  ;
; -0.611 ; 0.500        ; 1.111          ; Low Pulse Width  ; clk   ; Rise       ; SerTransmitter:ser_trans|SequenceDetector:sd|ps.011  ;
; -0.611 ; 0.500        ; 1.111          ; High Pulse Width ; clk   ; Rise       ; SerTransmitter:ser_trans|SequenceDetector:sd|ps.100  ;
; -0.611 ; 0.500        ; 1.111          ; Low Pulse Width  ; clk   ; Rise       ; SerTransmitter:ser_trans|SequenceDetector:sd|ps.100  ;
; 0.500  ; 0.500        ; 0.000          ; High Pulse Width ; clk   ; Rise       ; clk|combout                                          ;
; 0.500  ; 0.500        ; 0.000          ; Low Pulse Width  ; clk   ; Rise       ; clk|combout                                          ;
; 0.500  ; 0.500        ; 0.000          ; High Pulse Width ; clk   ; Rise       ; clk~clkctrl|inclk[0]                                 ;
; 0.500  ; 0.500        ; 0.000          ; Low Pulse Width  ; clk   ; Rise       ; clk~clkctrl|inclk[0]                                 ;
; 0.500  ; 0.500        ; 0.000          ; High Pulse Width ; clk   ; Rise       ; clk~clkctrl|outclk                                   ;
; 0.500  ; 0.500        ; 0.000          ; Low Pulse Width  ; clk   ; Rise       ; clk~clkctrl|outclk                                   ;
; 0.500  ; 0.500        ; 0.000          ; High Pulse Width ; clk   ; Rise       ; pb|ps.00|clk                                         ;
; 0.500  ; 0.500        ; 0.000          ; Low Pulse Width  ; clk   ; Rise       ; pb|ps.00|clk                                         ;
; 0.500  ; 0.500        ; 0.000          ; High Pulse Width ; clk   ; Rise       ; pb|ps.01|clk                                         ;
; 0.500  ; 0.500        ; 0.000          ; Low Pulse Width  ; clk   ; Rise       ; pb|ps.01|clk                                         ;
; 0.500  ; 0.500        ; 0.000          ; High Pulse Width ; clk   ; Rise       ; ser_trans|counter|register[0]|clk                    ;
; 0.500  ; 0.500        ; 0.000          ; Low Pulse Width  ; clk   ; Rise       ; ser_trans|counter|register[0]|clk                    ;
; 0.500  ; 0.500        ; 0.000          ; High Pulse Width ; clk   ; Rise       ; ser_trans|counter|register[1]|clk                    ;
; 0.500  ; 0.500        ; 0.000          ; Low Pulse Width  ; clk   ; Rise       ; ser_trans|counter|register[1]|clk                    ;
; 0.500  ; 0.500        ; 0.000          ; High Pulse Width ; clk   ; Rise       ; ser_trans|counter|register[2]|clk                    ;
; 0.500  ; 0.500        ; 0.000          ; Low Pulse Width  ; clk   ; Rise       ; ser_trans|counter|register[2]|clk                    ;
; 0.500  ; 0.500        ; 0.000          ; High Pulse Width ; clk   ; Rise       ; ser_trans|counter|register[3]|clk                    ;
; 0.500  ; 0.500        ; 0.000          ; Low Pulse Width  ; clk   ; Rise       ; ser_trans|counter|register[3]|clk                    ;
; 0.500  ; 0.500        ; 0.000          ; High Pulse Width ; clk   ; Rise       ; ser_trans|sd|ps.000|clk                              ;
; 0.500  ; 0.500        ; 0.000          ; Low Pulse Width  ; clk   ; Rise       ; ser_trans|sd|ps.000|clk                              ;
; 0.500  ; 0.500        ; 0.000          ; High Pulse Width ; clk   ; Rise       ; ser_trans|sd|ps.001|clk                              ;
; 0.500  ; 0.500        ; 0.000          ; Low Pulse Width  ; clk   ; Rise       ; ser_trans|sd|ps.001|clk                              ;
; 0.500  ; 0.500        ; 0.000          ; High Pulse Width ; clk   ; Rise       ; ser_trans|sd|ps.010|clk                              ;
; 0.500  ; 0.500        ; 0.000          ; Low Pulse Width  ; clk   ; Rise       ; ser_trans|sd|ps.010|clk                              ;
; 0.500  ; 0.500        ; 0.000          ; High Pulse Width ; clk   ; Rise       ; ser_trans|sd|ps.011|clk                              ;
; 0.500  ; 0.500        ; 0.000          ; Low Pulse Width  ; clk   ; Rise       ; ser_trans|sd|ps.011|clk                              ;
; 0.500  ; 0.500        ; 0.000          ; High Pulse Width ; clk   ; Rise       ; ser_trans|sd|ps.100|clk                              ;
; 0.500  ; 0.500        ; 0.000          ; Low Pulse Width  ; clk   ; Rise       ; ser_trans|sd|ps.100|clk                              ;
+--------+--------------+----------------+------------------+-------+------------+------------------------------------------------------+


+-------------------------------------------------------------------------+
; Setup Times                                                             ;
+-------------+------------+-------+-------+------------+-----------------+
; Data Port   ; Clock Port ; Rise  ; Fall  ; Clock Edge ; Clock Reference ;
+-------------+------------+-------+-------+------------+-----------------+
; push_button ; clk        ; 4.544 ; 4.544 ; Rise       ; clk             ;
; serIn       ; clk        ; 0.502 ; 0.502 ; Rise       ; clk             ;
+-------------+------------+-------+-------+------------+-----------------+


+---------------------------------------------------------------------------+
; Hold Times                                                                ;
+-------------+------------+--------+--------+------------+-----------------+
; Data Port   ; Clock Port ; Rise   ; Fall   ; Clock Edge ; Clock Reference ;
+-------------+------------+--------+--------+------------+-----------------+
; push_button ; clk        ; -4.254 ; -4.254 ; Rise       ; clk             ;
; serIn       ; clk        ; -0.013 ; -0.013 ; Rise       ; clk             ;
+-------------+------------+--------+--------+------------+-----------------+


+---------------------------------------------------------------------------+
; Clock to Output Times                                                     ;
+-------------+------------+--------+--------+------------+-----------------+
; Data Port   ; Clock Port ; Rise   ; Fall   ; Clock Edge ; Clock Reference ;
+-------------+------------+--------+--------+------------+-----------------+
; seg_out[*]  ; clk        ; 10.231 ; 10.231 ; Rise       ; clk             ;
;  seg_out[0] ; clk        ; 9.089  ; 9.089  ; Rise       ; clk             ;
;  seg_out[1] ; clk        ; 10.033 ; 10.033 ; Rise       ; clk             ;
;  seg_out[2] ; clk        ; 10.231 ; 10.231 ; Rise       ; clk             ;
;  seg_out[3] ; clk        ; 10.196 ; 10.196 ; Rise       ; clk             ;
;  seg_out[4] ; clk        ; 10.039 ; 10.039 ; Rise       ; clk             ;
;  seg_out[5] ; clk        ; 10.163 ; 10.163 ; Rise       ; clk             ;
;  seg_out[6] ; clk        ; 9.730  ; 9.730  ; Rise       ; clk             ;
; serOut      ; clk        ; 10.392 ; 10.392 ; Rise       ; clk             ;
; serOutValid ; clk        ; 9.554  ; 9.554  ; Rise       ; clk             ;
+-------------+------------+--------+--------+------------+-----------------+


+---------------------------------------------------------------------------+
; Minimum Clock to Output Times                                             ;
+-------------+------------+--------+--------+------------+-----------------+
; Data Port   ; Clock Port ; Rise   ; Fall   ; Clock Edge ; Clock Reference ;
+-------------+------------+--------+--------+------------+-----------------+
; seg_out[*]  ; clk        ; 8.509  ; 8.509  ; Rise       ; clk             ;
;  seg_out[0] ; clk        ; 8.509  ; 8.509  ; Rise       ; clk             ;
;  seg_out[1] ; clk        ; 9.450  ; 9.450  ; Rise       ; clk             ;
;  seg_out[2] ; clk        ; 9.663  ; 9.663  ; Rise       ; clk             ;
;  seg_out[3] ; clk        ; 9.612  ; 9.612  ; Rise       ; clk             ;
;  seg_out[4] ; clk        ; 9.452  ; 9.452  ; Rise       ; clk             ;
;  seg_out[5] ; clk        ; 9.574  ; 9.574  ; Rise       ; clk             ;
;  seg_out[6] ; clk        ; 9.142  ; 9.142  ; Rise       ; clk             ;
; serOut      ; clk        ; 10.392 ; 10.392 ; Rise       ; clk             ;
; serOutValid ; clk        ; 9.554  ; 9.554  ; Rise       ; clk             ;
+-------------+------------+--------+--------+------------+-----------------+


+----------------------------------------------------+
; Propagation Delay                                  ;
+------------+-------------+-------+----+----+-------+
; Input Port ; Output Port ; RR    ; RF ; FR ; FF    ;
+------------+-------------+-------+----+----+-------+
; serIn      ; serOut      ; 6.024 ;    ;    ; 6.024 ;
+------------+-------------+-------+----+----+-------+


+----------------------------------------------------+
; Minimum Propagation Delay                          ;
+------------+-------------+-------+----+----+-------+
; Input Port ; Output Port ; RR    ; RF ; FR ; FF    ;
+------------+-------------+-------+----+----+-------+
; serIn      ; serOut      ; 6.024 ;    ;    ; 6.024 ;
+------------+-------------+-------+----+----+-------+


+--------------------------------+
; Fast Model Setup Summary       ;
+-------+--------+---------------+
; Clock ; Slack  ; End Point TNS ;
+-------+--------+---------------+
; clk   ; -0.046 ; -0.092        ;
+-------+--------+---------------+


+-------------------------------+
; Fast Model Hold Summary       ;
+-------+-------+---------------+
; Clock ; Slack ; End Point TNS ;
+-------+-------+---------------+
; clk   ; 0.215 ; 0.000         ;
+-------+-------+---------------+


+-------------------------------+
; Fast Model Recovery Summary   ;
+-------+-------+---------------+
; Clock ; Slack ; End Point TNS ;
+-------+-------+---------------+
; clk   ; 0.017 ; 0.000         ;
+-------+-------+---------------+


+-------------------------------+
; Fast Model Removal Summary    ;
+-------+-------+---------------+
; Clock ; Slack ; End Point TNS ;
+-------+-------+---------------+
; clk   ; 0.812 ; 0.000         ;
+-------+-------+---------------+


+----------------------------------------+
; Fast Model Minimum Pulse Width Summary ;
+-------+--------+-----------------------+
; Clock ; Slack  ; End Point TNS         ;
+-------+--------+-----------------------+
; clk   ; -1.380 ; -12.380               ;
+-------+--------+-----------------------+


+--------------------------------------------------------------------------------------------------------------------------------------------------------------------------------------------+
; Fast Model Setup: 'clk'                                                                                                                                                                    ;
+--------+------------------------------------------------------+------------------------------------------------------+--------------+-------------+--------------+------------+------------+
; Slack  ; From Node                                            ; To Node                                              ; Launch Clock ; Latch Clock ; Relationship ; Clock Skew ; Data Delay ;
+--------+------------------------------------------------------+------------------------------------------------------+--------------+-------------+--------------+------------+------------+
; -0.046 ; SerTransmitter:ser_trans|SequenceDetector:sd|ps.100  ; SerTransmitter:ser_trans|Counter:counter|register[0] ; clk          ; clk         ; 1.000        ; -0.001     ; 1.077      ;
; -0.046 ; SerTransmitter:ser_trans|SequenceDetector:sd|ps.100  ; SerTransmitter:ser_trans|Counter:counter|register[1] ; clk          ; clk         ; 1.000        ; -0.001     ; 1.077      ;
; 0.025  ; OnePulser:pb|ps.01                                   ; SerTransmitter:ser_trans|Counter:counter|register[0] ; clk          ; clk         ; 1.000        ; -0.001     ; 1.006      ;
; 0.025  ; OnePulser:pb|ps.01                                   ; SerTransmitter:ser_trans|Counter:counter|register[1] ; clk          ; clk         ; 1.000        ; -0.001     ; 1.006      ;
; 0.151  ; SerTransmitter:ser_trans|SequenceDetector:sd|ps.100  ; SerTransmitter:ser_trans|Counter:counter|register[3] ; clk          ; clk         ; 1.000        ; -0.001     ; 0.880      ;
; 0.152  ; SerTransmitter:ser_trans|SequenceDetector:sd|ps.100  ; SerTransmitter:ser_trans|Counter:counter|register[2] ; clk          ; clk         ; 1.000        ; -0.001     ; 0.879      ;
; 0.161  ; SerTransmitter:ser_trans|SequenceDetector:sd|ps.100  ; SerTransmitter:ser_trans|SequenceDetector:sd|ps.000  ; clk          ; clk         ; 1.000        ; -0.001     ; 0.870      ;
; 0.181  ; SerTransmitter:ser_trans|Counter:counter|register[1] ; SerTransmitter:ser_trans|SequenceDetector:sd|ps.100  ; clk          ; clk         ; 1.000        ; 0.001      ; 0.852      ;
; 0.182  ; OnePulser:pb|ps.01                                   ; SerTransmitter:ser_trans|SequenceDetector:sd|ps.000  ; clk          ; clk         ; 1.000        ; -0.001     ; 0.849      ;
; 0.206  ; OnePulser:pb|ps.01                                   ; SerTransmitter:ser_trans|Counter:counter|register[3] ; clk          ; clk         ; 1.000        ; -0.001     ; 0.825      ;
; 0.207  ; OnePulser:pb|ps.01                                   ; SerTransmitter:ser_trans|Counter:counter|register[2] ; clk          ; clk         ; 1.000        ; -0.001     ; 0.824      ;
; 0.210  ; SerTransmitter:ser_trans|SequenceDetector:sd|ps.100  ; SerTransmitter:ser_trans|SequenceDetector:sd|ps.100  ; clk          ; clk         ; 1.000        ; 0.000      ; 0.822      ;
; 0.219  ; SerTransmitter:ser_trans|Counter:counter|register[1] ; SerTransmitter:ser_trans|Counter:counter|register[3] ; clk          ; clk         ; 1.000        ; 0.000      ; 0.813      ;
; 0.220  ; SerTransmitter:ser_trans|Counter:counter|register[1] ; SerTransmitter:ser_trans|Counter:counter|register[2] ; clk          ; clk         ; 1.000        ; 0.000      ; 0.812      ;
; 0.228  ; SerTransmitter:ser_trans|Counter:counter|register[1] ; SerTransmitter:ser_trans|SequenceDetector:sd|ps.000  ; clk          ; clk         ; 1.000        ; 0.000      ; 0.804      ;
; 0.240  ; SerTransmitter:ser_trans|Counter:counter|register[3] ; SerTransmitter:ser_trans|SequenceDetector:sd|ps.100  ; clk          ; clk         ; 1.000        ; 0.001      ; 0.793      ;
; 0.251  ; SerTransmitter:ser_trans|Counter:counter|register[2] ; SerTransmitter:ser_trans|SequenceDetector:sd|ps.100  ; clk          ; clk         ; 1.000        ; 0.001      ; 0.782      ;
; 0.281  ; OnePulser:pb|ps.01                                   ; SerTransmitter:ser_trans|SequenceDetector:sd|ps.011  ; clk          ; clk         ; 1.000        ; 0.000      ; 0.751      ;
; 0.281  ; OnePulser:pb|ps.01                                   ; SerTransmitter:ser_trans|SequenceDetector:sd|ps.001  ; clk          ; clk         ; 1.000        ; 0.000      ; 0.751      ;
; 0.281  ; OnePulser:pb|ps.01                                   ; SerTransmitter:ser_trans|SequenceDetector:sd|ps.010  ; clk          ; clk         ; 1.000        ; 0.000      ; 0.751      ;
; 0.281  ; OnePulser:pb|ps.01                                   ; SerTransmitter:ser_trans|SequenceDetector:sd|ps.100  ; clk          ; clk         ; 1.000        ; 0.000      ; 0.751      ;
; 0.327  ; SerTransmitter:ser_trans|SequenceDetector:sd|ps.010  ; SerTransmitter:ser_trans|SequenceDetector:sd|ps.000  ; clk          ; clk         ; 1.000        ; -0.001     ; 0.704      ;
; 0.344  ; SerTransmitter:ser_trans|Counter:counter|register[0] ; SerTransmitter:ser_trans|Counter:counter|register[3] ; clk          ; clk         ; 1.000        ; 0.000      ; 0.688      ;
; 0.345  ; SerTransmitter:ser_trans|Counter:counter|register[0] ; SerTransmitter:ser_trans|Counter:counter|register[2] ; clk          ; clk         ; 1.000        ; 0.000      ; 0.687      ;
; 0.370  ; SerTransmitter:ser_trans|Counter:counter|register[3] ; SerTransmitter:ser_trans|SequenceDetector:sd|ps.000  ; clk          ; clk         ; 1.000        ; 0.000      ; 0.662      ;
; 0.421  ; OnePulser:pb|ps.01                                   ; OnePulser:pb|ps.00                                   ; clk          ; clk         ; 1.000        ; 0.000      ; 0.611      ;
; 0.441  ; SerTransmitter:ser_trans|Counter:counter|register[2] ; SerTransmitter:ser_trans|SequenceDetector:sd|ps.000  ; clk          ; clk         ; 1.000        ; 0.000      ; 0.591      ;
; 0.483  ; SerTransmitter:ser_trans|Counter:counter|register[2] ; SerTransmitter:ser_trans|Counter:counter|register[3] ; clk          ; clk         ; 1.000        ; 0.000      ; 0.549      ;
; 0.511  ; SerTransmitter:ser_trans|SequenceDetector:sd|ps.001  ; SerTransmitter:ser_trans|SequenceDetector:sd|ps.010  ; clk          ; clk         ; 1.000        ; 0.000      ; 0.521      ;
; 0.511  ; SerTransmitter:ser_trans|Counter:counter|register[0] ; SerTransmitter:ser_trans|Counter:counter|register[1] ; clk          ; clk         ; 1.000        ; 0.000      ; 0.521      ;
; 0.518  ; SerTransmitter:ser_trans|SequenceDetector:sd|ps.011  ; SerTransmitter:ser_trans|SequenceDetector:sd|ps.100  ; clk          ; clk         ; 1.000        ; 0.000      ; 0.514      ;
; 0.560  ; SerTransmitter:ser_trans|SequenceDetector:sd|ps.010  ; SerTransmitter:ser_trans|SequenceDetector:sd|ps.011  ; clk          ; clk         ; 1.000        ; 0.000      ; 0.472      ;
; 0.561  ; SerTransmitter:ser_trans|SequenceDetector:sd|ps.000  ; SerTransmitter:ser_trans|SequenceDetector:sd|ps.001  ; clk          ; clk         ; 1.000        ; 0.001      ; 0.472      ;
; 0.636  ; SerTransmitter:ser_trans|SequenceDetector:sd|ps.011  ; SerTransmitter:ser_trans|SequenceDetector:sd|ps.010  ; clk          ; clk         ; 1.000        ; 0.000      ; 0.396      ;
; 0.643  ; OnePulser:pb|ps.00                                   ; OnePulser:pb|ps.01                                   ; clk          ; clk         ; 1.000        ; 0.000      ; 0.389      ;
; 0.665  ; SerTransmitter:ser_trans|Counter:counter|register[0] ; SerTransmitter:ser_trans|Counter:counter|register[0] ; clk          ; clk         ; 1.000        ; 0.000      ; 0.367      ;
; 0.665  ; SerTransmitter:ser_trans|Counter:counter|register[3] ; SerTransmitter:ser_trans|Counter:counter|register[3] ; clk          ; clk         ; 1.000        ; 0.000      ; 0.367      ;
; 0.665  ; SerTransmitter:ser_trans|Counter:counter|register[2] ; SerTransmitter:ser_trans|Counter:counter|register[2] ; clk          ; clk         ; 1.000        ; 0.000      ; 0.367      ;
; 0.665  ; SerTransmitter:ser_trans|SequenceDetector:sd|ps.000  ; SerTransmitter:ser_trans|SequenceDetector:sd|ps.000  ; clk          ; clk         ; 1.000        ; 0.000      ; 0.367      ;
; 0.665  ; SerTransmitter:ser_trans|Counter:counter|register[1] ; SerTransmitter:ser_trans|Counter:counter|register[1] ; clk          ; clk         ; 1.000        ; 0.000      ; 0.367      ;
; 0.665  ; SerTransmitter:ser_trans|SequenceDetector:sd|ps.001  ; SerTransmitter:ser_trans|SequenceDetector:sd|ps.001  ; clk          ; clk         ; 1.000        ; 0.000      ; 0.367      ;
+--------+------------------------------------------------------+------------------------------------------------------+--------------+-------------+--------------+------------+------------+


+-------------------------------------------------------------------------------------------------------------------------------------------------------------------------------------------+
; Fast Model Hold: 'clk'                                                                                                                                                                    ;
+-------+------------------------------------------------------+------------------------------------------------------+--------------+-------------+--------------+------------+------------+
; Slack ; From Node                                            ; To Node                                              ; Launch Clock ; Latch Clock ; Relationship ; Clock Skew ; Data Delay ;
+-------+------------------------------------------------------+------------------------------------------------------+--------------+-------------+--------------+------------+------------+
; 0.215 ; SerTransmitter:ser_trans|Counter:counter|register[2] ; SerTransmitter:ser_trans|Counter:counter|register[2] ; clk          ; clk         ; 0.000        ; 0.000      ; 0.367      ;
; 0.215 ; SerTransmitter:ser_trans|Counter:counter|register[3] ; SerTransmitter:ser_trans|Counter:counter|register[3] ; clk          ; clk         ; 0.000        ; 0.000      ; 0.367      ;
; 0.215 ; SerTransmitter:ser_trans|SequenceDetector:sd|ps.001  ; SerTransmitter:ser_trans|SequenceDetector:sd|ps.001  ; clk          ; clk         ; 0.000        ; 0.000      ; 0.367      ;
; 0.215 ; SerTransmitter:ser_trans|SequenceDetector:sd|ps.000  ; SerTransmitter:ser_trans|SequenceDetector:sd|ps.000  ; clk          ; clk         ; 0.000        ; 0.000      ; 0.367      ;
; 0.215 ; SerTransmitter:ser_trans|Counter:counter|register[0] ; SerTransmitter:ser_trans|Counter:counter|register[0] ; clk          ; clk         ; 0.000        ; 0.000      ; 0.367      ;
; 0.215 ; SerTransmitter:ser_trans|Counter:counter|register[1] ; SerTransmitter:ser_trans|Counter:counter|register[1] ; clk          ; clk         ; 0.000        ; 0.000      ; 0.367      ;
; 0.237 ; OnePulser:pb|ps.00                                   ; OnePulser:pb|ps.01                                   ; clk          ; clk         ; 0.000        ; 0.000      ; 0.389      ;
; 0.244 ; SerTransmitter:ser_trans|SequenceDetector:sd|ps.011  ; SerTransmitter:ser_trans|SequenceDetector:sd|ps.010  ; clk          ; clk         ; 0.000        ; 0.000      ; 0.396      ;
; 0.319 ; SerTransmitter:ser_trans|SequenceDetector:sd|ps.000  ; SerTransmitter:ser_trans|SequenceDetector:sd|ps.001  ; clk          ; clk         ; 0.000        ; 0.001      ; 0.472      ;
; 0.320 ; SerTransmitter:ser_trans|SequenceDetector:sd|ps.010  ; SerTransmitter:ser_trans|SequenceDetector:sd|ps.011  ; clk          ; clk         ; 0.000        ; 0.000      ; 0.472      ;
; 0.362 ; SerTransmitter:ser_trans|SequenceDetector:sd|ps.011  ; SerTransmitter:ser_trans|SequenceDetector:sd|ps.100  ; clk          ; clk         ; 0.000        ; 0.000      ; 0.514      ;
; 0.369 ; SerTransmitter:ser_trans|Counter:counter|register[0] ; SerTransmitter:ser_trans|Counter:counter|register[1] ; clk          ; clk         ; 0.000        ; 0.000      ; 0.521      ;
; 0.369 ; SerTransmitter:ser_trans|SequenceDetector:sd|ps.001  ; SerTransmitter:ser_trans|SequenceDetector:sd|ps.010  ; clk          ; clk         ; 0.000        ; 0.000      ; 0.521      ;
; 0.397 ; SerTransmitter:ser_trans|Counter:counter|register[2] ; SerTransmitter:ser_trans|Counter:counter|register[3] ; clk          ; clk         ; 0.000        ; 0.000      ; 0.549      ;
; 0.439 ; SerTransmitter:ser_trans|Counter:counter|register[2] ; SerTransmitter:ser_trans|SequenceDetector:sd|ps.000  ; clk          ; clk         ; 0.000        ; 0.000      ; 0.591      ;
; 0.459 ; OnePulser:pb|ps.01                                   ; OnePulser:pb|ps.00                                   ; clk          ; clk         ; 0.000        ; 0.000      ; 0.611      ;
; 0.510 ; SerTransmitter:ser_trans|Counter:counter|register[3] ; SerTransmitter:ser_trans|SequenceDetector:sd|ps.000  ; clk          ; clk         ; 0.000        ; 0.000      ; 0.662      ;
; 0.535 ; SerTransmitter:ser_trans|Counter:counter|register[0] ; SerTransmitter:ser_trans|Counter:counter|register[2] ; clk          ; clk         ; 0.000        ; 0.000      ; 0.687      ;
; 0.536 ; SerTransmitter:ser_trans|Counter:counter|register[0] ; SerTransmitter:ser_trans|Counter:counter|register[3] ; clk          ; clk         ; 0.000        ; 0.000      ; 0.688      ;
; 0.553 ; SerTransmitter:ser_trans|SequenceDetector:sd|ps.010  ; SerTransmitter:ser_trans|SequenceDetector:sd|ps.000  ; clk          ; clk         ; 0.000        ; -0.001     ; 0.704      ;
; 0.599 ; OnePulser:pb|ps.01                                   ; SerTransmitter:ser_trans|SequenceDetector:sd|ps.011  ; clk          ; clk         ; 0.000        ; 0.000      ; 0.751      ;
; 0.599 ; OnePulser:pb|ps.01                                   ; SerTransmitter:ser_trans|SequenceDetector:sd|ps.001  ; clk          ; clk         ; 0.000        ; 0.000      ; 0.751      ;
; 0.599 ; OnePulser:pb|ps.01                                   ; SerTransmitter:ser_trans|SequenceDetector:sd|ps.010  ; clk          ; clk         ; 0.000        ; 0.000      ; 0.751      ;
; 0.599 ; OnePulser:pb|ps.01                                   ; SerTransmitter:ser_trans|SequenceDetector:sd|ps.100  ; clk          ; clk         ; 0.000        ; 0.000      ; 0.751      ;
; 0.629 ; SerTransmitter:ser_trans|Counter:counter|register[2] ; SerTransmitter:ser_trans|SequenceDetector:sd|ps.100  ; clk          ; clk         ; 0.000        ; 0.001      ; 0.782      ;
; 0.640 ; SerTransmitter:ser_trans|Counter:counter|register[3] ; SerTransmitter:ser_trans|SequenceDetector:sd|ps.100  ; clk          ; clk         ; 0.000        ; 0.001      ; 0.793      ;
; 0.652 ; SerTransmitter:ser_trans|Counter:counter|register[1] ; SerTransmitter:ser_trans|SequenceDetector:sd|ps.000  ; clk          ; clk         ; 0.000        ; 0.000      ; 0.804      ;
; 0.660 ; SerTransmitter:ser_trans|Counter:counter|register[1] ; SerTransmitter:ser_trans|Counter:counter|register[2] ; clk          ; clk         ; 0.000        ; 0.000      ; 0.812      ;
; 0.661 ; SerTransmitter:ser_trans|Counter:counter|register[1] ; SerTransmitter:ser_trans|Counter:counter|register[3] ; clk          ; clk         ; 0.000        ; 0.000      ; 0.813      ;
; 0.670 ; SerTransmitter:ser_trans|SequenceDetector:sd|ps.100  ; SerTransmitter:ser_trans|SequenceDetector:sd|ps.100  ; clk          ; clk         ; 0.000        ; 0.000      ; 0.822      ;
; 0.673 ; OnePulser:pb|ps.01                                   ; SerTransmitter:ser_trans|Counter:counter|register[2] ; clk          ; clk         ; 0.000        ; -0.001     ; 0.824      ;
; 0.674 ; OnePulser:pb|ps.01                                   ; SerTransmitter:ser_trans|Counter:counter|register[3] ; clk          ; clk         ; 0.000        ; -0.001     ; 0.825      ;
; 0.698 ; OnePulser:pb|ps.01                                   ; SerTransmitter:ser_trans|SequenceDetector:sd|ps.000  ; clk          ; clk         ; 0.000        ; -0.001     ; 0.849      ;
; 0.699 ; SerTransmitter:ser_trans|Counter:counter|register[1] ; SerTransmitter:ser_trans|SequenceDetector:sd|ps.100  ; clk          ; clk         ; 0.000        ; 0.001      ; 0.852      ;
; 0.719 ; SerTransmitter:ser_trans|SequenceDetector:sd|ps.100  ; SerTransmitter:ser_trans|SequenceDetector:sd|ps.000  ; clk          ; clk         ; 0.000        ; -0.001     ; 0.870      ;
; 0.728 ; SerTransmitter:ser_trans|SequenceDetector:sd|ps.100  ; SerTransmitter:ser_trans|Counter:counter|register[2] ; clk          ; clk         ; 0.000        ; -0.001     ; 0.879      ;
; 0.729 ; SerTransmitter:ser_trans|SequenceDetector:sd|ps.100  ; SerTransmitter:ser_trans|Counter:counter|register[3] ; clk          ; clk         ; 0.000        ; -0.001     ; 0.880      ;
; 0.855 ; OnePulser:pb|ps.01                                   ; SerTransmitter:ser_trans|Counter:counter|register[0] ; clk          ; clk         ; 0.000        ; -0.001     ; 1.006      ;
; 0.855 ; OnePulser:pb|ps.01                                   ; SerTransmitter:ser_trans|Counter:counter|register[1] ; clk          ; clk         ; 0.000        ; -0.001     ; 1.006      ;
; 0.926 ; SerTransmitter:ser_trans|SequenceDetector:sd|ps.100  ; SerTransmitter:ser_trans|Counter:counter|register[0] ; clk          ; clk         ; 0.000        ; -0.001     ; 1.077      ;
; 0.926 ; SerTransmitter:ser_trans|SequenceDetector:sd|ps.100  ; SerTransmitter:ser_trans|Counter:counter|register[1] ; clk          ; clk         ; 0.000        ; -0.001     ; 1.077      ;
+-------+------------------------------------------------------+------------------------------------------------------+--------------+-------------+--------------+------------+------------+


+------------------------------------------------------------------------------------------------------------------------------------------------------------------------------------------+
; Fast Model Recovery: 'clk'                                                                                                                                                               ;
+-------+-----------------------------------------------------+------------------------------------------------------+--------------+-------------+--------------+------------+------------+
; Slack ; From Node                                           ; To Node                                              ; Launch Clock ; Latch Clock ; Relationship ; Clock Skew ; Data Delay ;
+-------+-----------------------------------------------------+------------------------------------------------------+--------------+-------------+--------------+------------+------------+
; 0.017 ; SerTransmitter:ser_trans|SequenceDetector:sd|ps.000 ; SerTransmitter:ser_trans|Counter:counter|register[0] ; clk          ; clk         ; 1.000        ; 0.000      ; 1.015      ;
; 0.017 ; SerTransmitter:ser_trans|SequenceDetector:sd|ps.000 ; SerTransmitter:ser_trans|Counter:counter|register[1] ; clk          ; clk         ; 1.000        ; 0.000      ; 1.015      ;
; 0.068 ; SerTransmitter:ser_trans|SequenceDetector:sd|ps.000 ; SerTransmitter:ser_trans|Counter:counter|register[2] ; clk          ; clk         ; 1.000        ; 0.000      ; 0.964      ;
; 0.068 ; SerTransmitter:ser_trans|SequenceDetector:sd|ps.000 ; SerTransmitter:ser_trans|Counter:counter|register[3] ; clk          ; clk         ; 1.000        ; 0.000      ; 0.964      ;
+-------+-----------------------------------------------------+------------------------------------------------------+--------------+-------------+--------------+------------+------------+


+------------------------------------------------------------------------------------------------------------------------------------------------------------------------------------------+
; Fast Model Removal: 'clk'                                                                                                                                                                ;
+-------+-----------------------------------------------------+------------------------------------------------------+--------------+-------------+--------------+------------+------------+
; Slack ; From Node                                           ; To Node                                              ; Launch Clock ; Latch Clock ; Relationship ; Clock Skew ; Data Delay ;
+-------+-----------------------------------------------------+------------------------------------------------------+--------------+-------------+--------------+------------+------------+
; 0.812 ; SerTransmitter:ser_trans|SequenceDetector:sd|ps.000 ; SerTransmitter:ser_trans|Counter:counter|register[2] ; clk          ; clk         ; 0.000        ; 0.000      ; 0.964      ;
; 0.812 ; SerTransmitter:ser_trans|SequenceDetector:sd|ps.000 ; SerTransmitter:ser_trans|Counter:counter|register[3] ; clk          ; clk         ; 0.000        ; 0.000      ; 0.964      ;
; 0.863 ; SerTransmitter:ser_trans|SequenceDetector:sd|ps.000 ; SerTransmitter:ser_trans|Counter:counter|register[0] ; clk          ; clk         ; 0.000        ; 0.000      ; 1.015      ;
; 0.863 ; SerTransmitter:ser_trans|SequenceDetector:sd|ps.000 ; SerTransmitter:ser_trans|Counter:counter|register[1] ; clk          ; clk         ; 0.000        ; 0.000      ; 1.015      ;
+-------+-----------------------------------------------------+------------------------------------------------------+--------------+-------------+--------------+------------+------------+


+---------------------------------------------------------------------------------------------------------------------------------------+
; Fast Model Minimum Pulse Width: 'clk'                                                                                                 ;
+--------+--------------+----------------+------------------+-------+------------+------------------------------------------------------+
; Slack  ; Actual Width ; Required Width ; Type             ; Clock ; Clock Edge ; Target                                               ;
+--------+--------------+----------------+------------------+-------+------------+------------------------------------------------------+
; -1.380 ; 1.000        ; 2.380          ; Port Rate        ; clk   ; Rise       ; clk                                                  ;
; -0.500 ; 0.500        ; 1.000          ; High Pulse Width ; clk   ; Rise       ; OnePulser:pb|ps.00                                   ;
; -0.500 ; 0.500        ; 1.000          ; Low Pulse Width  ; clk   ; Rise       ; OnePulser:pb|ps.00                                   ;
; -0.500 ; 0.500        ; 1.000          ; High Pulse Width ; clk   ; Rise       ; OnePulser:pb|ps.01                                   ;
; -0.500 ; 0.500        ; 1.000          ; Low Pulse Width  ; clk   ; Rise       ; OnePulser:pb|ps.01                                   ;
; -0.500 ; 0.500        ; 1.000          ; High Pulse Width ; clk   ; Rise       ; SerTransmitter:ser_trans|Counter:counter|register[0] ;
; -0.500 ; 0.500        ; 1.000          ; Low Pulse Width  ; clk   ; Rise       ; SerTransmitter:ser_trans|Counter:counter|register[0] ;
; -0.500 ; 0.500        ; 1.000          ; High Pulse Width ; clk   ; Rise       ; SerTransmitter:ser_trans|Counter:counter|register[1] ;
; -0.500 ; 0.500        ; 1.000          ; Low Pulse Width  ; clk   ; Rise       ; SerTransmitter:ser_trans|Counter:counter|register[1] ;
; -0.500 ; 0.500        ; 1.000          ; High Pulse Width ; clk   ; Rise       ; SerTransmitter:ser_trans|Counter:counter|register[2] ;
; -0.500 ; 0.500        ; 1.000          ; Low Pulse Width  ; clk   ; Rise       ; SerTransmitter:ser_trans|Counter:counter|register[2] ;
; -0.500 ; 0.500        ; 1.000          ; High Pulse Width ; clk   ; Rise       ; SerTransmitter:ser_trans|Counter:counter|register[3] ;
; -0.500 ; 0.500        ; 1.000          ; Low Pulse Width  ; clk   ; Rise       ; SerTransmitter:ser_trans|Counter:counter|register[3] ;
; -0.500 ; 0.500        ; 1.000          ; High Pulse Width ; clk   ; Rise       ; SerTransmitter:ser_trans|SequenceDetector:sd|ps.000  ;
; -0.500 ; 0.500        ; 1.000          ; Low Pulse Width  ; clk   ; Rise       ; SerTransmitter:ser_trans|SequenceDetector:sd|ps.000  ;
; -0.500 ; 0.500        ; 1.000          ; High Pulse Width ; clk   ; Rise       ; SerTransmitter:ser_trans|SequenceDetector:sd|ps.001  ;
; -0.500 ; 0.500        ; 1.000          ; Low Pulse Width  ; clk   ; Rise       ; SerTransmitter:ser_trans|SequenceDetector:sd|ps.001  ;
; -0.500 ; 0.500        ; 1.000          ; High Pulse Width ; clk   ; Rise       ; SerTransmitter:ser_trans|SequenceDetector:sd|ps.010  ;
; -0.500 ; 0.500        ; 1.000          ; Low Pulse Width  ; clk   ; Rise       ; SerTransmitter:ser_trans|SequenceDetector:sd|ps.010  ;
; -0.500 ; 0.500        ; 1.000          ; High Pulse Width ; clk   ; Rise       ; SerTransmitter:ser_trans|SequenceDetector:sd|ps.011  ;
; -0.500 ; 0.500        ; 1.000          ; Low Pulse Width  ; clk   ; Rise       ; SerTransmitter:ser_trans|SequenceDetector:sd|ps.011  ;
; -0.500 ; 0.500        ; 1.000          ; High Pulse Width ; clk   ; Rise       ; SerTransmitter:ser_trans|SequenceDetector:sd|ps.100  ;
; -0.500 ; 0.500        ; 1.000          ; Low Pulse Width  ; clk   ; Rise       ; SerTransmitter:ser_trans|SequenceDetector:sd|ps.100  ;
; 0.500  ; 0.500        ; 0.000          ; High Pulse Width ; clk   ; Rise       ; clk|combout                                          ;
; 0.500  ; 0.500        ; 0.000          ; Low Pulse Width  ; clk   ; Rise       ; clk|combout                                          ;
; 0.500  ; 0.500        ; 0.000          ; High Pulse Width ; clk   ; Rise       ; clk~clkctrl|inclk[0]                                 ;
; 0.500  ; 0.500        ; 0.000          ; Low Pulse Width  ; clk   ; Rise       ; clk~clkctrl|inclk[0]                                 ;
; 0.500  ; 0.500        ; 0.000          ; High Pulse Width ; clk   ; Rise       ; clk~clkctrl|outclk                                   ;
; 0.500  ; 0.500        ; 0.000          ; Low Pulse Width  ; clk   ; Rise       ; clk~clkctrl|outclk                                   ;
; 0.500  ; 0.500        ; 0.000          ; High Pulse Width ; clk   ; Rise       ; pb|ps.00|clk                                         ;
; 0.500  ; 0.500        ; 0.000          ; Low Pulse Width  ; clk   ; Rise       ; pb|ps.00|clk                                         ;
; 0.500  ; 0.500        ; 0.000          ; High Pulse Width ; clk   ; Rise       ; pb|ps.01|clk                                         ;
; 0.500  ; 0.500        ; 0.000          ; Low Pulse Width  ; clk   ; Rise       ; pb|ps.01|clk                                         ;
; 0.500  ; 0.500        ; 0.000          ; High Pulse Width ; clk   ; Rise       ; ser_trans|counter|register[0]|clk                    ;
; 0.500  ; 0.500        ; 0.000          ; Low Pulse Width  ; clk   ; Rise       ; ser_trans|counter|register[0]|clk                    ;
; 0.500  ; 0.500        ; 0.000          ; High Pulse Width ; clk   ; Rise       ; ser_trans|counter|register[1]|clk                    ;
; 0.500  ; 0.500        ; 0.000          ; Low Pulse Width  ; clk   ; Rise       ; ser_trans|counter|register[1]|clk                    ;
; 0.500  ; 0.500        ; 0.000          ; High Pulse Width ; clk   ; Rise       ; ser_trans|counter|register[2]|clk                    ;
; 0.500  ; 0.500        ; 0.000          ; Low Pulse Width  ; clk   ; Rise       ; ser_trans|counter|register[2]|clk                    ;
; 0.500  ; 0.500        ; 0.000          ; High Pulse Width ; clk   ; Rise       ; ser_trans|counter|register[3]|clk                    ;
; 0.500  ; 0.500        ; 0.000          ; Low Pulse Width  ; clk   ; Rise       ; ser_trans|counter|register[3]|clk                    ;
; 0.500  ; 0.500        ; 0.000          ; High Pulse Width ; clk   ; Rise       ; ser_trans|sd|ps.000|clk                              ;
; 0.500  ; 0.500        ; 0.000          ; Low Pulse Width  ; clk   ; Rise       ; ser_trans|sd|ps.000|clk                              ;
; 0.500  ; 0.500        ; 0.000          ; High Pulse Width ; clk   ; Rise       ; ser_trans|sd|ps.001|clk                              ;
; 0.500  ; 0.500        ; 0.000          ; Low Pulse Width  ; clk   ; Rise       ; ser_trans|sd|ps.001|clk                              ;
; 0.500  ; 0.500        ; 0.000          ; High Pulse Width ; clk   ; Rise       ; ser_trans|sd|ps.010|clk                              ;
; 0.500  ; 0.500        ; 0.000          ; Low Pulse Width  ; clk   ; Rise       ; ser_trans|sd|ps.010|clk                              ;
; 0.500  ; 0.500        ; 0.000          ; High Pulse Width ; clk   ; Rise       ; ser_trans|sd|ps.011|clk                              ;
; 0.500  ; 0.500        ; 0.000          ; Low Pulse Width  ; clk   ; Rise       ; ser_trans|sd|ps.011|clk                              ;
; 0.500  ; 0.500        ; 0.000          ; High Pulse Width ; clk   ; Rise       ; ser_trans|sd|ps.100|clk                              ;
; 0.500  ; 0.500        ; 0.000          ; Low Pulse Width  ; clk   ; Rise       ; ser_trans|sd|ps.100|clk                              ;
+--------+--------------+----------------+------------------+-------+------------+------------------------------------------------------+


+---------------------------------------------------------------------------+
; Setup Times                                                               ;
+-------------+------------+--------+--------+------------+-----------------+
; Data Port   ; Clock Port ; Rise   ; Fall   ; Clock Edge ; Clock Reference ;
+-------------+------------+--------+--------+------------+-----------------+
; push_button ; clk        ; 2.096  ; 2.096  ; Rise       ; clk             ;
; serIn       ; clk        ; -0.301 ; -0.301 ; Rise       ; clk             ;
+-------------+------------+--------+--------+------------+-----------------+


+---------------------------------------------------------------------------+
; Hold Times                                                                ;
+-------------+------------+--------+--------+------------+-----------------+
; Data Port   ; Clock Port ; Rise   ; Fall   ; Clock Edge ; Clock Reference ;
+-------------+------------+--------+--------+------------+-----------------+
; push_button ; clk        ; -1.948 ; -1.948 ; Rise       ; clk             ;
; serIn       ; clk        ; 0.505  ; 0.505  ; Rise       ; clk             ;
+-------------+------------+--------+--------+------------+-----------------+


+-------------------------------------------------------------------------+
; Clock to Output Times                                                   ;
+-------------+------------+-------+-------+------------+-----------------+
; Data Port   ; Clock Port ; Rise  ; Fall  ; Clock Edge ; Clock Reference ;
+-------------+------------+-------+-------+------------+-----------------+
; seg_out[*]  ; clk        ; 5.036 ; 5.036 ; Rise       ; clk             ;
;  seg_out[0] ; clk        ; 4.634 ; 4.634 ; Rise       ; clk             ;
;  seg_out[1] ; clk        ; 4.915 ; 4.915 ; Rise       ; clk             ;
;  seg_out[2] ; clk        ; 5.036 ; 5.036 ; Rise       ; clk             ;
;  seg_out[3] ; clk        ; 4.989 ; 4.989 ; Rise       ; clk             ;
;  seg_out[4] ; clk        ; 4.929 ; 4.929 ; Rise       ; clk             ;
;  seg_out[5] ; clk        ; 4.993 ; 4.993 ; Rise       ; clk             ;
;  seg_out[6] ; clk        ; 4.837 ; 4.837 ; Rise       ; clk             ;
; serOut      ; clk        ; 5.242 ; 5.242 ; Rise       ; clk             ;
; serOutValid ; clk        ; 4.920 ; 4.920 ; Rise       ; clk             ;
+-------------+------------+-------+-------+------------+-----------------+


+-------------------------------------------------------------------------+
; Minimum Clock to Output Times                                           ;
+-------------+------------+-------+-------+------------+-----------------+
; Data Port   ; Clock Port ; Rise  ; Fall  ; Clock Edge ; Clock Reference ;
+-------------+------------+-------+-------+------------+-----------------+
; seg_out[*]  ; clk        ; 4.421 ; 4.421 ; Rise       ; clk             ;
;  seg_out[0] ; clk        ; 4.421 ; 4.421 ; Rise       ; clk             ;
;  seg_out[1] ; clk        ; 4.702 ; 4.702 ; Rise       ; clk             ;
;  seg_out[2] ; clk        ; 4.830 ; 4.830 ; Rise       ; clk             ;
;  seg_out[3] ; clk        ; 4.783 ; 4.783 ; Rise       ; clk             ;
;  seg_out[4] ; clk        ; 4.716 ; 4.716 ; Rise       ; clk             ;
;  seg_out[5] ; clk        ; 4.782 ; 4.782 ; Rise       ; clk             ;
;  seg_out[6] ; clk        ; 4.631 ; 4.631 ; Rise       ; clk             ;
; serOut      ; clk        ; 5.242 ; 5.242 ; Rise       ; clk             ;
; serOutValid ; clk        ; 4.920 ; 4.920 ; Rise       ; clk             ;
+-------------+------------+-------+-------+------------+-----------------+


+----------------------------------------------------+
; Propagation Delay                                  ;
+------------+-------------+-------+----+----+-------+
; Input Port ; Output Port ; RR    ; RF ; FR ; FF    ;
+------------+-------------+-------+----+----+-------+
; serIn      ; serOut      ; 2.795 ;    ;    ; 2.795 ;
+------------+-------------+-------+----+----+-------+


+----------------------------------------------------+
; Minimum Propagation Delay                          ;
+------------+-------------+-------+----+----+-------+
; Input Port ; Output Port ; RR    ; RF ; FR ; FF    ;
+------------+-------------+-------+----+----+-------+
; serIn      ; serOut      ; 2.795 ;    ;    ; 2.795 ;
+------------+-------------+-------+----+----+-------+


+------------------------------------------------------------------------------+
; Multicorner Timing Analysis Summary                                          ;
+------------------+--------+-------+----------+---------+---------------------+
; Clock            ; Setup  ; Hold  ; Recovery ; Removal ; Minimum Pulse Width ;
+------------------+--------+-------+----------+---------+---------------------+
; Worst-case Slack ; -1.434 ; 0.215 ; -1.113   ; 0.812   ; -1.631              ;
;  clk             ; -1.434 ; 0.215 ; -1.113   ; 0.812   ; -1.631              ;
; Design-wide TNS  ; -9.834 ; 0.0   ; -4.192   ; 0.0     ; -15.073             ;
;  clk             ; -9.834 ; 0.000 ; -4.192   ; 0.000   ; -15.073             ;
+------------------+--------+-------+----------+---------+---------------------+


+-------------------------------------------------------------------------+
; Setup Times                                                             ;
+-------------+------------+-------+-------+------------+-----------------+
; Data Port   ; Clock Port ; Rise  ; Fall  ; Clock Edge ; Clock Reference ;
+-------------+------------+-------+-------+------------+-----------------+
; push_button ; clk        ; 4.544 ; 4.544 ; Rise       ; clk             ;
; serIn       ; clk        ; 0.502 ; 0.502 ; Rise       ; clk             ;
+-------------+------------+-------+-------+------------+-----------------+


+---------------------------------------------------------------------------+
; Hold Times                                                                ;
+-------------+------------+--------+--------+------------+-----------------+
; Data Port   ; Clock Port ; Rise   ; Fall   ; Clock Edge ; Clock Reference ;
+-------------+------------+--------+--------+------------+-----------------+
; push_button ; clk        ; -1.948 ; -1.948 ; Rise       ; clk             ;
; serIn       ; clk        ; 0.505  ; 0.505  ; Rise       ; clk             ;
+-------------+------------+--------+--------+------------+-----------------+


+---------------------------------------------------------------------------+
; Clock to Output Times                                                     ;
+-------------+------------+--------+--------+------------+-----------------+
; Data Port   ; Clock Port ; Rise   ; Fall   ; Clock Edge ; Clock Reference ;
+-------------+------------+--------+--------+------------+-----------------+
; seg_out[*]  ; clk        ; 10.231 ; 10.231 ; Rise       ; clk             ;
;  seg_out[0] ; clk        ; 9.089  ; 9.089  ; Rise       ; clk             ;
;  seg_out[1] ; clk        ; 10.033 ; 10.033 ; Rise       ; clk             ;
;  seg_out[2] ; clk        ; 10.231 ; 10.231 ; Rise       ; clk             ;
;  seg_out[3] ; clk        ; 10.196 ; 10.196 ; Rise       ; clk             ;
;  seg_out[4] ; clk        ; 10.039 ; 10.039 ; Rise       ; clk             ;
;  seg_out[5] ; clk        ; 10.163 ; 10.163 ; Rise       ; clk             ;
;  seg_out[6] ; clk        ; 9.730  ; 9.730  ; Rise       ; clk             ;
; serOut      ; clk        ; 10.392 ; 10.392 ; Rise       ; clk             ;
; serOutValid ; clk        ; 9.554  ; 9.554  ; Rise       ; clk             ;
+-------------+------------+--------+--------+------------+-----------------+


+-------------------------------------------------------------------------+
; Minimum Clock to Output Times                                           ;
+-------------+------------+-------+-------+------------+-----------------+
; Data Port   ; Clock Port ; Rise  ; Fall  ; Clock Edge ; Clock Reference ;
+-------------+------------+-------+-------+------------+-----------------+
; seg_out[*]  ; clk        ; 4.421 ; 4.421 ; Rise       ; clk             ;
;  seg_out[0] ; clk        ; 4.421 ; 4.421 ; Rise       ; clk             ;
;  seg_out[1] ; clk        ; 4.702 ; 4.702 ; Rise       ; clk             ;
;  seg_out[2] ; clk        ; 4.830 ; 4.830 ; Rise       ; clk             ;
;  seg_out[3] ; clk        ; 4.783 ; 4.783 ; Rise       ; clk             ;
;  seg_out[4] ; clk        ; 4.716 ; 4.716 ; Rise       ; clk             ;
;  seg_out[5] ; clk        ; 4.782 ; 4.782 ; Rise       ; clk             ;
;  seg_out[6] ; clk        ; 4.631 ; 4.631 ; Rise       ; clk             ;
; serOut      ; clk        ; 5.242 ; 5.242 ; Rise       ; clk             ;
; serOutValid ; clk        ; 4.920 ; 4.920 ; Rise       ; clk             ;
+-------------+------------+-------+-------+------------+-----------------+


+----------------------------------------------------+
; Progagation Delay                                  ;
+------------+-------------+-------+----+----+-------+
; Input Port ; Output Port ; RR    ; RF ; FR ; FF    ;
+------------+-------------+-------+----+----+-------+
; serIn      ; serOut      ; 6.024 ;    ;    ; 6.024 ;
+------------+-------------+-------+----+----+-------+


+----------------------------------------------------+
; Minimum Progagation Delay                          ;
+------------+-------------+-------+----+----+-------+
; Input Port ; Output Port ; RR    ; RF ; FR ; FF    ;
+------------+-------------+-------+----+----+-------+
; serIn      ; serOut      ; 2.795 ;    ;    ; 2.795 ;
+------------+-------------+-------+----+----+-------+


+-------------------------------------------------------------------+
; Setup Transfers                                                   ;
+------------+----------+----------+----------+----------+----------+
; From Clock ; To Clock ; RR Paths ; FR Paths ; RF Paths ; FF Paths ;
+------------+----------+----------+----------+----------+----------+
; clk        ; clk      ; 41       ; 0        ; 0        ; 0        ;
+------------+----------+----------+----------+----------+----------+
Entries labeled "false path" only account for clock-to-clock false paths and not path-based false paths. As a result, actual path counts may be lower than reported.


+-------------------------------------------------------------------+
; Hold Transfers                                                    ;
+------------+----------+----------+----------+----------+----------+
; From Clock ; To Clock ; RR Paths ; FR Paths ; RF Paths ; FF Paths ;
+------------+----------+----------+----------+----------+----------+
; clk        ; clk      ; 41       ; 0        ; 0        ; 0        ;
+------------+----------+----------+----------+----------+----------+
Entries labeled "false path" only account for clock-to-clock false paths and not path-based false paths. As a result, actual path counts may be lower than reported.


+-------------------------------------------------------------------+
; Recovery Transfers                                                ;
+------------+----------+----------+----------+----------+----------+
; From Clock ; To Clock ; RR Paths ; FR Paths ; RF Paths ; FF Paths ;
+------------+----------+----------+----------+----------+----------+
; clk        ; clk      ; 4        ; 0        ; 0        ; 0        ;
+------------+----------+----------+----------+----------+----------+
Entries labeled "false path" only account for clock-to-clock false paths and not path-based false paths. As a result, actual path counts may be lower than reported.


+-------------------------------------------------------------------+
; Removal Transfers                                                 ;
+------------+----------+----------+----------+----------+----------+
; From Clock ; To Clock ; RR Paths ; FR Paths ; RF Paths ; FF Paths ;
+------------+----------+----------+----------+----------+----------+
; clk        ; clk      ; 4        ; 0        ; 0        ; 0        ;
+------------+----------+----------+----------+----------+----------+
Entries labeled "false path" only account for clock-to-clock false paths and not path-based false paths. As a result, actual path counts may be lower than reported.


---------------
; Report TCCS ;
---------------
No dedicated SERDES Transmitter circuitry present in device or used in design


---------------
; Report RSKM ;
---------------
No dedicated SERDES Receiver circuitry present in device or used in design


+------------------------------------------------+
; Unconstrained Paths                            ;
+---------------------------------+-------+------+
; Property                        ; Setup ; Hold ;
+---------------------------------+-------+------+
; Illegal Clocks                  ; 0     ; 0    ;
; Unconstrained Clocks            ; 0     ; 0    ;
; Unconstrained Input Ports       ; 3     ; 3    ;
; Unconstrained Input Port Paths  ; 17    ; 17   ;
; Unconstrained Output Ports      ; 9     ; 9    ;
; Unconstrained Output Port Paths ; 31    ; 31   ;
+---------------------------------+-------+------+


+------------------------------------+
; TimeQuest Timing Analyzer Messages ;
+------------------------------------+
Info: *******************************************************************
Info: Running Quartus II 64-Bit TimeQuest Timing Analyzer
    Info: Version 12.1 Build 177 11/07/2012 SJ Web Edition
    Info: Processing started: Tue Nov 01 14:54:59 2022
Info: Command: quartus_sta Exp2 -c Exp2
Info: qsta_default_script.tcl version: #1
Warning (20028): Parallel compilation is not licensed and has been disabled
Info (21077): Low junction temperature is 0 degrees C
Info (21077): High junction temperature is 85 degrees C
Critical Warning (332012): Synopsys Design Constraints File file not found: 'Exp2.sdc'. A Synopsys Design Constraints File is required by the TimeQuest Timing Analyzer to get proper timing constraints. Without it, the Compiler will not properly optimize the design.
Info (332142): No user constrained base clocks found in the design. Calling "derive_clocks -period 1.0"
Info (332105): Deriving Clocks
    Info (332105): create_clock -period 1.000 -name clk clk
Info: Found TIMEQUEST_REPORT_SCRIPT_INCLUDE_DEFAULT_ANALYSIS = ON
Info: Analyzing Slow Model
Critical Warning (332148): Timing requirements not met
Info (332146): Worst-case setup slack is -1.434
    Info (332119):     Slack End Point TNS Clock 
    Info (332119): ========= ============= =====================
    Info (332119):    -1.434        -9.834 clk 
Info (332146): Worst-case hold slack is 0.445
    Info (332119):     Slack End Point TNS Clock 
    Info (332119): ========= ============= =====================
    Info (332119):     0.445         0.000 clk 
Info (332146): Worst-case recovery slack is -1.113
    Info (332119):     Slack End Point TNS Clock 
    Info (332119): ========= ============= =====================
    Info (332119):    -1.113        -4.192 clk 
Info (332146): Worst-case removal slack is 1.735
    Info (332119):     Slack End Point TNS Clock 
    Info (332119): ========= ============= =====================
    Info (332119):     1.735         0.000 clk 
Info (332146): Worst-case minimum pulse width slack is -1.631
    Info (332119):     Slack End Point TNS Clock 
    Info (332119): ========= ============= =====================
    Info (332119):    -1.631       -15.073 clk 
Info (332001): The selected device family is not supported by the report_metastability command.
Info: Analyzing Fast Model
Critical Warning (332148): Timing requirements not met
Info (332146): Worst-case setup slack is -0.046
    Info (332119):     Slack End Point TNS Clock 
    Info (332119): ========= ============= =====================
    Info (332119):    -0.046        -0.092 clk 
Info (332146): Worst-case hold slack is 0.215
    Info (332119):     Slack End Point TNS Clock 
    Info (332119): ========= ============= =====================
    Info (332119):     0.215         0.000 clk 
Info (332146): Worst-case recovery slack is 0.017
    Info (332119):     Slack End Point TNS Clock 
    Info (332119): ========= ============= =====================
    Info (332119):     0.017         0.000 clk 
Info (332146): Worst-case removal slack is 0.812
    Info (332119):     Slack End Point TNS Clock 
    Info (332119): ========= ============= =====================
    Info (332119):     0.812         0.000 clk 
Info (332146): Worst-case minimum pulse width slack is -1.380
    Info (332119):     Slack End Point TNS Clock 
    Info (332119): ========= ============= =====================
    Info (332119):    -1.380       -12.380 clk 
Info (332001): The selected device family is not supported by the report_metastability command.
Info (332102): Design is not fully constrained for setup requirements
Info (332102): Design is not fully constrained for hold requirements
Info: Quartus II 64-Bit TimeQuest Timing Analyzer was successful. 0 errors, 4 warnings
    Info: Peak virtual memory: 387 megabytes
    Info: Processing ended: Tue Nov 01 14:55:19 2022
    Info: Elapsed time: 00:00:20
    Info: Total CPU time (on all processors): 00:00:02


